-------------------------------------------------------------------------------
Test set: com.ningmeng.manage_cms.NmServiceManageCmsApplicationTests
-------------------------------------------------------------------------------
Tests run: 6, Failures: 0, Errors: 6, Skipped: 0, Time elapsed: 28.906 s <<< FAILURE! - in com.ningmeng.manage_cms.NmServiceManageCmsApplicationTests
testFindByName(com.ningmeng.manage_cms.NmServiceManageCmsApplicationTests)  Time elapsed: 0.462 s  <<< ERROR!
java.lang.IllegalStateException: Failed to load ApplicationContext
Caused by: org.springframework.beans.factory.UnsatisfiedDependencyException: Error creating bean with name 'cmsPageController': Unsatisfied dependency expressed through field 'cmsPageRepository'; nested exception is org.springframework.beans.factory.BeanCreationException: Error creating bean with name 'cmsPageRepository': Invocation of init method failed; nested exception is java.lang.IllegalArgumentException: Paging query needs to have a Pageable parameter! Offending method public abstract org.springframework.data.domain.Page com.ningmeng.manage_cms.dao.CmsPageRepository.findByPageName(java.lang.String,org.springframework.data.domain.PageRequest)
Caused by: org.springframework.beans.factory.BeanCreationException: Error creating bean with name 'cmsPageRepository': Invocation of init method failed; nested exception is java.lang.IllegalArgumentException: Paging query needs to have a Pageable parameter! Offending method public abstract org.springframework.data.domain.Page com.ningmeng.manage_cms.dao.CmsPageRepository.findByPageName(java.lang.String,org.springframework.data.domain.PageRequest)
Caused by: java.lang.IllegalArgumentException: Paging query needs to have a Pageable parameter! Offending method public abstract org.springframework.data.domain.Page com.ningmeng.manage_cms.dao.CmsPageRepository.findByPageName(java.lang.String,org.springframework.data.domain.PageRequest)

findAll(com.ningmeng.manage_cms.NmServiceManageCmsApplicationTests)  Time elapsed: 0.001 s  <<< ERROR!
java.lang.IllegalStateException: Failed to load ApplicationContext
Caused by: org.springframework.beans.factory.UnsatisfiedDependencyException: Error creating bean with name 'cmsPageController': Unsatisfied dependency expressed through field 'cmsPageRepository'; nested exception is org.springframework.beans.factory.BeanCreationException: Error creating bean with name 'cmsPageRepository': Invocation of init method failed; nested exception is java.lang.IllegalArgumentException: Paging query needs to have a Pageable parameter! Offending method public abstract org.springframework.data.domain.Page com.ningmeng.manage_cms.dao.CmsPageRepository.findByPageName(java.lang.String,org.springframework.data.domain.PageRequest)
Caused by: org.springframework.beans.factory.BeanCreationException: Error creating bean with name 'cmsPageRepository': Invocation of init method failed; nested exception is java.lang.IllegalArgumentException: Paging query needs to have a Pageable parameter! Offending method public abstract org.springframework.data.domain.Page com.ningmeng.manage_cms.dao.CmsPageRepository.findByPageName(java.lang.String,org.springframework.data.domain.PageRequest)
Caused by: java.lang.IllegalArgumentException: Paging query needs to have a Pageable parameter! Offending method public abstract org.springframework.data.domain.Page com.ningmeng.manage_cms.dao.CmsPageRepository.findByPageName(java.lang.String,org.springframework.data.domain.PageRequest)

testFindPage(com.ningmeng.manage_cms.NmServiceManageCmsApplicationTests)  Time elapsed: 0 s  <<< ERROR!
java.lang.IllegalStateException: Failed to load ApplicationContext
Caused by: org.springframework.beans.factory.UnsatisfiedDependencyException: Error creating bean with name 'cmsPageController': Unsatisfied dependency expressed through field 'cmsPageRepository'; nested exception is org.springframework.beans.factory.BeanCreationException: Error creating bean with name 'cmsPageRepository': Invocation of init method failed; nested exception is java.lang.IllegalArgumentException: Paging query needs to have a Pageable parameter! Offending method public abstract org.springframework.data.domain.Page com.ningmeng.manage_cms.dao.CmsPageRepository.findByPageName(java.lang.String,org.springframework.data.domain.PageRequest)
Caused by: org.springframework.beans.factory.BeanCreationException: Error creating bean with name 'cmsPageRepository': Invocation of init method failed; nested exception is java.lang.IllegalArgumentException: Paging query needs to have a Pageable parameter! Offending method public abstract org.springframework.data.domain.Page com.ningmeng.manage_cms.dao.CmsPageRepository.findByPageName(java.lang.String,org.springframework.data.domain.PageRequest)
Caused by: java.lang.IllegalArgumentException: Paging query needs to have a Pageable parameter! Offending method public abstract org.springframework.data.domain.Page com.ningmeng.manage_cms.dao.CmsPageRepository.findByPageName(java.lang.String,org.springframework.data.domain.PageRequest)

testDelete(com.ningmeng.manage_cms.NmServiceManageCmsApplicationTests)  Time elapsed: 0 s  <<< ERROR!
java.lang.IllegalStateException: Failed to load ApplicationContext
Caused by: org.springframework.beans.factory.UnsatisfiedDependencyException: Error creating bean with name 'cmsPageController': Unsatisfied dependency expressed through field 'cmsPageRepository'; nested exception is org.springframework.beans.factory.BeanCreationException: Error creating bean with name 'cmsPageRepository': Invocation of init method failed; nested exception is java.lang.IllegalArgumentException: Paging query needs to have a Pageable parameter! Offending method public abstract org.springframework.data.domain.Page com.ningmeng.manage_cms.dao.CmsPageRepository.findByPageName(java.lang.String,org.springframework.data.domain.PageRequest)
Caused by: org.springframework.beans.factory.BeanCreationException: Error creating bean with name 'cmsPageRepository': Invocation of init method failed; nested exception is java.lang.IllegalArgumentException: Paging query needs to have a Pageable parameter! Offending method public abstract org.springframework.data.domain.Page com.ningmeng.manage_cms.dao.CmsPageRepository.findByPageName(java.lang.String,org.springframework.data.domain.PageRequest)
Caused by: java.lang.IllegalArgumentException: Paging query needs to have a Pageable parameter! Offending method public abstract org.springframework.data.domain.Page com.ningmeng.manage_cms.dao.CmsPageRepository.findByPageName(java.lang.String,org.springframework.data.domain.PageRequest)

testInsert(com.ningmeng.manage_cms.NmServiceManageCmsApplicationTests)  Time elapsed: 0 s  <<< ERROR!
java.lang.IllegalStateException: Failed to load ApplicationContext
Caused by: org.springframework.beans.factory.UnsatisfiedDependencyException: Error creating bean with name 'cmsPageController': Unsatisfied dependency expressed through field 'cmsPageRepository'; nested exception is org.springframework.beans.factory.BeanCreationException: Error creating bean with name 'cmsPageRepository': Invocation of init method failed; nested exception is java.lang.IllegalArgumentException: Paging query needs to have a Pageable parameter! Offending method public abstract org.springframework.data.domain.Page com.ningmeng.manage_cms.dao.CmsPageRepository.findByPageName(java.lang.String,org.springframework.data.domain.PageRequest)
Caused by: org.springframework.beans.factory.BeanCreationException: Error creating bean with name 'cmsPageRepository': Invocation of init method failed; nested exception is java.lang.IllegalArgumentException: Paging query needs to have a Pageable parameter! Offending method public abstract org.springframework.data.domain.Page com.ningmeng.manage_cms.dao.CmsPageRepository.findByPageName(java.lang.String,org.springframework.data.domain.PageRequest)
Caused by: java.lang.IllegalArgumentException: Paging query needs to have a Pageable parameter! Offending method public abstract org.springframework.data.domain.Page com.ningmeng.manage_cms.dao.CmsPageRepository.findByPageName(java.lang.String,org.springframework.data.domain.PageRequest)

testUpdate(com.ningmeng.manage_cms.NmServiceManageCmsApplicationTests)  Time elapsed: 0 s  <<< ERROR!
java.lang.IllegalStateException: Failed to load ApplicationContext
Caused by: org.springframework.beans.factory.UnsatisfiedDependencyException: Error creating bean with name 'cmsPageController': Unsatisfied dependency expressed through field 'cmsPageRepository'; nested exception is org.springframework.beans.factory.BeanCreationException: Error creating bean with name 'cmsPageRepository': Invocation of init method failed; nested exception is java.lang.IllegalArgumentException: Paging query needs to have a Pageable parameter! Offending method public abstract org.springframework.data.domain.Page com.ningmeng.manage_cms.dao.CmsPageRepository.findByPageName(java.lang.String,org.springframework.data.domain.PageRequest)
Caused by: org.springframework.beans.factory.BeanCreationException: Error creating bean with name 'cmsPageRepository': Invocation of init method failed; nested exception is java.lang.IllegalArgumentException: Paging query needs to have a Pageable parameter! Offending method public abstract org.springframework.data.domain.Page com.ningmeng.manage_cms.dao.CmsPageRepository.findByPageName(java.lang.String,org.springframework.data.domain.PageRequest)
Caused by: java.lang.IllegalArgumentException: Paging query needs to have a Pageable parameter! Offending method public abstract org.springframework.data.domain.Page com.ningmeng.manage_cms.dao.CmsPageRepository.findByPageName(java.lang.String,org.springframework.data.domain.PageRequest)

